<?xml version="1.0" encoding="UTF-8"?>
<!-- Generated by org.testng.reporters.JUnitReportReporter -->
<testsuite hostname="CPP00167712E" failures="0" tests="1" name="com.pages.model.CreateNewAccountPage" time="0.029" errors="0" timestamp="05 Sep 2021 11:58:45 GMT" skipped="0">
  <testcase classname="com.pages.model.CreateNewAccountPage" name="createNewAccountPageTest" time="0.029"/>
</testsuite> <!-- com.pages.model.CreateNewAccountPage -->
