<?xml version="1.0" encoding="UTF-8"?>
<!-- Generated by org.testng.reporters.JUnitReportReporter -->
<testsuite skipped="0" hostname="DESKTOP-VES4POV" name="com.pages.test.MainTest" tests="1" failures="0" timestamp="19 thg 9 2021 10:13:01 GMT" time="18.238" errors="0">
  <testcase name="test" time="18.238" classname="com.pages.test.MainTest"/>
</testsuite> <!-- com.pages.test.MainTest -->
